[debug] [2021-08-30T18:40:48.197Z] ----------------------------------------------------------------------
[debug] [2021-08-30T18:40:48.200Z] Command:       /Users/Bew/.nvm/versions/node/v14.15.4/bin/node /Users/Bew/.nvm/versions/node/v14.15.4/bin/firebase deploy --only functions
[debug] [2021-08-30T18:40:48.200Z] CLI Version:   9.10.2
[debug] [2021-08-30T18:40:48.200Z] Platform:      darwin
[debug] [2021-08-30T18:40:48.200Z] Node Version:  v14.15.4
[debug] [2021-08-30T18:40:48.254Z] Time:          Mon Aug 30 2021 19:40:48 GMT+0100 (British Summer Time)
[debug] [2021-08-30T18:40:48.254Z] ----------------------------------------------------------------------
[debug] 
[debug] [2021-08-30T18:40:48.278Z] > command requires scopes: ["email","openid","https://www.googleapis.com/auth/cloudplatformprojects.readonly","https://www.googleapis.com/auth/firebase","https://www.googleapis.com/auth/cloud-platform"]
[debug] [2021-08-30T18:40:48.279Z] > authorizing via signed-in user (fbase.08.21@gmail.com)
[debug] [2021-08-30T18:40:48.279Z] [iam] checking project restaurant-app-demo-77bba for permissions ["cloudfunctions.functions.create","cloudfunctions.functions.delete","cloudfunctions.functions.get","cloudfunctions.functions.list","cloudfunctions.functions.update","cloudfunctions.operations.get","firebase.projects.get"]
[debug] [2021-08-30T18:40:48.281Z] > refreshing access token with scopes: ["email","https://www.googleapis.com/auth/cloud-platform","https://www.googleapis.com/auth/cloudplatformprojects.readonly","https://www.googleapis.com/auth/firebase","openid"]
[debug] [2021-08-30T18:40:48.281Z] >>> HTTP REQUEST POST https://www.googleapis.com/oauth2/v3/token  
 <request body omitted>
[debug] [2021-08-30T18:40:48.440Z] <<< HTTP RESPONSE 200 {"date":"Mon, 30 Aug 2021 18:43:28 GMT","cache-control":"no-cache, no-store, max-age=0, must-revalidate","pragma":"no-cache","expires":"Mon, 01 Jan 1990 00:00:00 GMT","content-type":"application/json; charset=utf-8","vary":"X-Origin, Referer, Origin,Accept-Encoding","server":"scaffolding on HTTPServer2","x-xss-protection":"0","x-frame-options":"SAMEORIGIN","x-content-type-options":"nosniff","alt-svc":"h3=\":443\"; ma=2592000,h3-29=\":443\"; ma=2592000,h3-T051=\":443\"; ma=2592000,h3-Q050=\":443\"; ma=2592000,h3-Q046=\":443\"; ma=2592000,h3-Q043=\":443\"; ma=2592000,quic=\":443\"; ma=2592000; v=\"46,43\"","accept-ranges":"none","transfer-encoding":"chunked"}
[debug] [2021-08-30T18:40:48.453Z] >>> HTTP REQUEST POST https://cloudresourcemanager.googleapis.com/v1/projects/restaurant-app-demo-77bba:testIamPermissions  
 {"permissions":["cloudfunctions.functions.create","cloudfunctions.functions.delete","cloudfunctions.functions.get","cloudfunctions.functions.list","cloudfunctions.functions.update","cloudfunctions.operations.get","firebase.projects.get"]}
[debug] [2021-08-30T18:40:49.182Z] <<< HTTP RESPONSE 200 {"content-type":"application/json; charset=UTF-8","vary":"X-Origin, Referer, Origin,Accept-Encoding","date":"Mon, 30 Aug 2021 18:43:28 GMT","server":"ESF","cache-control":"private","x-xss-protection":"0","x-frame-options":"SAMEORIGIN","x-content-type-options":"nosniff","server-timing":"gfet4t7; dur=553","alt-svc":"h3=\":443\"; ma=2592000,h3-29=\":443\"; ma=2592000,h3-T051=\":443\"; ma=2592000,h3-Q050=\":443\"; ma=2592000,h3-Q046=\":443\"; ma=2592000,h3-Q043=\":443\"; ma=2592000,quic=\":443\"; ma=2592000; v=\"46,43\"","accept-ranges":"none","transfer-encoding":"chunked"}
[debug] [2021-08-30T18:40:49.184Z] >>> HTTP REQUEST POST https://iam.googleapis.com/v1/projects/restaurant-app-demo-77bba/serviceAccounts/restaurant-app-demo-77bba@appspot.gserviceaccount.com:testIamPermissions  
 {"permissions":["iam.serviceAccounts.actAs"]}
[debug] [2021-08-30T18:40:49.797Z] <<< HTTP RESPONSE 200 {"content-type":"application/json; charset=UTF-8","vary":"X-Origin, Referer, Origin,Accept-Encoding","date":"Mon, 30 Aug 2021 18:43:29 GMT","server":"ESF","cache-control":"private","x-xss-protection":"0","x-frame-options":"SAMEORIGIN","x-content-type-options":"nosniff","alt-svc":"h3=\":443\"; ma=2592000,h3-29=\":443\"; ma=2592000,h3-T051=\":443\"; ma=2592000,h3-Q050=\":443\"; ma=2592000,h3-Q046=\":443\"; ma=2592000,h3-Q043=\":443\"; ma=2592000,quic=\":443\"; ma=2592000; v=\"46,43\"","accept-ranges":"none","transfer-encoding":"chunked"}
[info] 
[info] === Deploying to 'restaurant-app-demo-77bba'...
[info] 
[info] i  deploying functions 
[info] Running command: npm --prefix "$RESOURCE_DIR" run lint
[info] ✔  functions: Finished running predeploy script. 
[info] i  functions: ensuring required API cloudfunctions.googleapis.com is enabled... 
[info] i  functions: ensuring required API cloudbuild.googleapis.com is enabled... 
[debug] [2021-08-30T18:40:53.706Z] >>> HTTP REQUEST GET https://serviceusage.googleapis.com/v1/projects/restaurant-app-demo-77bba/services/cloudfunctions.googleapis.com  
 
[debug] [2021-08-30T18:40:53.707Z] >>> HTTP REQUEST GET https://serviceusage.googleapis.com/v1/projects/restaurant-app-demo-77bba/services/runtimeconfig.googleapis.com  
 
[debug] [2021-08-30T18:40:53.707Z] >>> HTTP REQUEST GET https://serviceusage.googleapis.com/v1/projects/restaurant-app-demo-77bba/services/cloudbuild.googleapis.com  
 
[debug] [2021-08-30T18:40:54.716Z] <<< HTTP RESPONSE 200 {"content-type":"application/json; charset=UTF-8","vary":"X-Origin, Referer, Origin,Accept-Encoding","date":"Mon, 30 Aug 2021 18:43:34 GMT","server":"ESF","cache-control":"private","x-xss-protection":"0","x-frame-options":"SAMEORIGIN","x-content-type-options":"nosniff","alt-svc":"h3=\":443\"; ma=2592000,h3-29=\":443\"; ma=2592000,h3-T051=\":443\"; ma=2592000,h3-Q050=\":443\"; ma=2592000,h3-Q046=\":443\"; ma=2592000,h3-Q043=\":443\"; ma=2592000,quic=\":443\"; ma=2592000; v=\"46,43\"","accept-ranges":"none","transfer-encoding":"chunked"}
[debug] [2021-08-30T18:40:54.731Z] <<< HTTP RESPONSE 200 {"content-type":"application/json; charset=UTF-8","vary":"X-Origin, Referer, Origin,Accept-Encoding","date":"Mon, 30 Aug 2021 18:43:34 GMT","server":"ESF","cache-control":"private","x-xss-protection":"0","x-frame-options":"SAMEORIGIN","x-content-type-options":"nosniff","alt-svc":"h3=\":443\"; ma=2592000,h3-29=\":443\"; ma=2592000,h3-T051=\":443\"; ma=2592000,h3-Q050=\":443\"; ma=2592000,h3-Q046=\":443\"; ma=2592000,h3-Q043=\":443\"; ma=2592000,quic=\":443\"; ma=2592000; v=\"46,43\"","accept-ranges":"none","transfer-encoding":"chunked"}
[info] ✔  functions: required API cloudbuild.googleapis.com is enabled 
[debug] [2021-08-30T18:40:54.740Z] <<< HTTP RESPONSE 200 {"content-type":"application/json; charset=UTF-8","vary":"X-Origin, Referer, Origin,Accept-Encoding","date":"Mon, 30 Aug 2021 18:43:34 GMT","server":"ESF","cache-control":"private","x-xss-protection":"0","x-frame-options":"SAMEORIGIN","x-content-type-options":"nosniff","alt-svc":"h3=\":443\"; ma=2592000,h3-29=\":443\"; ma=2592000,h3-T051=\":443\"; ma=2592000,h3-Q050=\":443\"; ma=2592000,h3-Q046=\":443\"; ma=2592000,h3-Q043=\":443\"; ma=2592000,quic=\":443\"; ma=2592000; v=\"46,43\"","accept-ranges":"none","transfer-encoding":"chunked"}
[info] ✔  functions: required API cloudfunctions.googleapis.com is enabled 
[debug] [2021-08-30T18:40:54.741Z] >>> HTTP REQUEST GET https://firebase.googleapis.com/v1beta1/projects/restaurant-app-demo-77bba/adminSdkConfig  
 
[debug] [2021-08-30T18:40:55.122Z] <<< HTTP RESPONSE 200 {"content-type":"application/json; charset=UTF-8","vary":"X-Origin, Referer, Origin,Accept-Encoding","date":"Mon, 30 Aug 2021 18:43:34 GMT","server":"ESF","cache-control":"private","x-xss-protection":"0","x-frame-options":"SAMEORIGIN","x-content-type-options":"nosniff","alt-svc":"h3=\":443\"; ma=2592000,h3-29=\":443\"; ma=2592000,h3-T051=\":443\"; ma=2592000,h3-Q050=\":443\"; ma=2592000,h3-Q046=\":443\"; ma=2592000,h3-Q043=\":443\"; ma=2592000,quic=\":443\"; ma=2592000; v=\"46,43\"","accept-ranges":"none","transfer-encoding":"chunked"}
[info] i  functions: preparing functions directory for uploading... 
[debug] [2021-08-30T18:40:55.125Z] >>> HTTP REQUEST GET https://runtimeconfig.googleapis.com/v1beta1/projects/restaurant-app-demo-77bba/configs  
 
[debug] [2021-08-30T18:40:55.471Z] <<< HTTP RESPONSE 200 {"content-type":"application/json; charset=UTF-8","vary":"X-Origin, Referer, Origin,Accept-Encoding","date":"Mon, 30 Aug 2021 18:43:35 GMT","server":"ESF","cache-control":"private","x-xss-protection":"0","x-frame-options":"SAMEORIGIN","x-content-type-options":"nosniff","alt-svc":"h3=\":443\"; ma=2592000,h3-29=\":443\"; ma=2592000,h3-T051=\":443\"; ma=2592000,h3-Q050=\":443\"; ma=2592000,h3-Q046=\":443\"; ma=2592000,h3-Q043=\":443\"; ma=2592000,quic=\":443\"; ma=2592000; v=\"46,43\"","accept-ranges":"none","transfer-encoding":"chunked"}
[info] i  functions: packaged functions (139.34 KB) for uploading 
[debug] [2021-08-30T18:40:55.845Z] > [functions] package.json contents: {
  "name": "functions",
  "description": "Cloud Functions for Firebase",
  "scripts": {
    "lint": "eslint .",
    "serve": "firebase emulators:start --only functions",
    "shell": "firebase functions:shell",
    "start": "npm run shell",
    "deploy": "firebase deploy --only functions",
    "logs": "firebase functions:log",
    "build": "babel ./src --out-dir ./build"
  },
  "engines": {
    "node": "12"
  },
  "main": "index.js",
  "dependencies": {
    "firebase-admin": "^9.2.0",
    "firebase-functions": "^3.11.0",
    "regenerator-runtime": "^0.13.9",
    "uuid": "^8.3.2"
  },
  "devDependencies": {
    "@babel/cli": "^7.14.8",
    "@babel/core": "^7.15.0",
    "@babel/preset-env": "^7.15.0",
    "eslint": "^7.6.0",
    "eslint-config-google": "^0.14.0",
    "firebase-functions-test": "^0.2.0"
  },
  "private": true
}
[debug] [2021-08-30T18:40:55.846Z] >>> HTTP REQUEST GET https://cloudfunctions.googleapis.com/v1/projects/restaurant-app-demo-77bba/locations/-/functions  
 
[debug] [2021-08-30T18:40:56.385Z] <<< HTTP RESPONSE 200 {"content-type":"application/json; charset=UTF-8","vary":"X-Origin, Referer, Origin,Accept-Encoding","date":"Mon, 30 Aug 2021 18:43:35 GMT","server":"ESF","cache-control":"private","x-xss-protection":"0","x-frame-options":"SAMEORIGIN","x-content-type-options":"nosniff","alt-svc":"h3=\":443\"; ma=2592000,h3-29=\":443\"; ma=2592000,h3-T051=\":443\"; ma=2592000,h3-Q050=\":443\"; ma=2592000,h3-Q046=\":443\"; ma=2592000,h3-Q043=\":443\"; ma=2592000,quic=\":443\"; ma=2592000; v=\"46,43\"","accept-ranges":"none","transfer-encoding":"chunked"}
[debug] [2021-08-30T18:40:56.387Z] [functions] found 1 new HTTP functions, testing setIamPolicy permission...
[debug] [2021-08-30T18:40:56.388Z] >>> HTTP REQUEST POST https://cloudresourcemanager.googleapis.com/v1/projects/restaurant-app-demo-77bba:testIamPermissions  
 {"permissions":["cloudfunctions.functions.setIamPolicy"]}
[debug] [2021-08-30T18:40:57.026Z] <<< HTTP RESPONSE 200 {"content-type":"application/json; charset=UTF-8","vary":"X-Origin, Referer, Origin,Accept-Encoding","date":"Mon, 30 Aug 2021 18:43:36 GMT","server":"ESF","cache-control":"private","x-xss-protection":"0","x-frame-options":"SAMEORIGIN","x-content-type-options":"nosniff","server-timing":"gfet4t7; dur=545","alt-svc":"h3=\":443\"; ma=2592000,h3-29=\":443\"; ma=2592000,h3-T051=\":443\"; ma=2592000,h3-Q050=\":443\"; ma=2592000,h3-Q046=\":443\"; ma=2592000,h3-Q043=\":443\"; ma=2592000,quic=\":443\"; ma=2592000; v=\"46,43\"","accept-ranges":"none","transfer-encoding":"chunked"}
[debug] [2021-08-30T18:40:57.026Z] [functions] found setIamPolicy permission, proceeding with deploy
[debug] [2021-08-30T18:40:57.027Z] >>> HTTP REQUEST POST https://cloudfunctions.googleapis.com/v1/projects/restaurant-app-demo-77bba/locations/us-central1/functions:generateUploadUrl  
 
[debug] [2021-08-30T18:40:57.685Z] <<< HTTP RESPONSE 200 {"content-type":"application/json; charset=UTF-8","vary":"X-Origin, Referer, Origin,Accept-Encoding","date":"Mon, 30 Aug 2021 18:43:37 GMT","server":"ESF","cache-control":"private","x-xss-protection":"0","x-frame-options":"SAMEORIGIN","x-content-type-options":"nosniff","alt-svc":"h3=\":443\"; ma=2592000,h3-29=\":443\"; ma=2592000,h3-T051=\":443\"; ma=2592000,h3-Q050=\":443\"; ma=2592000,h3-Q046=\":443\"; ma=2592000,h3-Q043=\":443\"; ma=2592000,quic=\":443\"; ma=2592000; v=\"46,43\"","accept-ranges":"none","transfer-encoding":"chunked"}
[debug] [2021-08-30T18:40:57.687Z] >>> HTTP REQUEST PUT https://storage.googleapis.com/gcf-upload-us-central1-7fd3869c-d6ca-4f1d-a0f6-37d894e11bdb/eb2abc4e-1864-4839-9476-3b486c8521dc.zip?GoogleAccessId=service-273295484065@gcf-admin-robot.iam.gserviceaccount.com&Expires=1630350817&Signature=mGR%2BkQ2LOVWBRZPR4sFBC%2B32xXtyMPkaSA%2FOEDkRe7WG8PHbcpsYfkp0ZlT0V%2FOkEqN0CCoFRAdgUCabaMLcAJW5hiDVqZER%2BUx9iJYVJwSyFumQy2vZVMkHIPCov49SxdUY0F%2BlDWpTwRGkEESGpWePJ7UMpQux1NfdPgbYfjtC3rQxQUd8h9kDAo%2FHxQSHsJ8i6HYmzVQPJTz1GK5IQHg76YPS1lHXkx3geXnEUVco81veWiaWai72W9ORSQsBodQnZ%2Br0qizqb%2FlgkzkUq1WPnkFtiA%2FVd8%2BwJVhNif4r%2Btj6a7HIZac8agYVAFFt2%2F6oUi29ytYAKwimTPmIYw%3D%3D  
 <request body omitted>
[debug] [2021-08-30T18:40:58.193Z] <<< HTTP RESPONSE 200 {"x-guploader-uploadid":"ADPycds8SNT2Siv2i1Fph_lCLS8iPVP5eo2sgjVvkzJjzp4kz8GdYdONROe2AM7ho-ug6ySk8qYb0Nfi_1x5TlVyKCgSvv_XuQ","etag":"\"d1507caca0ec220a2afd80a151bcf213\"","x-goog-generation":"1630349017758439","x-goog-metageneration":"1","x-goog-hash":"crc32c=mqo0BQ==, md5=0VB8rKDsIgoq/YChUbzyEw==","x-goog-stored-content-length":"142681","x-goog-stored-content-encoding":"identity","vary":"Origin","content-length":"0","date":"Mon, 30 Aug 2021 18:43:37 GMT","server":"UploadServer","content-type":"text/html; charset=UTF-8","alt-svc":"h3=\":443\"; ma=2592000,h3-29=\":443\"; ma=2592000,h3-T051=\":443\"; ma=2592000,h3-Q050=\":443\"; ma=2592000,h3-Q046=\":443\"; ma=2592000,h3-Q043=\":443\"; ma=2592000,quic=\":443\"; ma=2592000; v=\"46,43\""}
[info] ✔  functions: functions folder uploaded successfully 
[info] 
The following functions are found in your project but do not exist in your local source code:
	helloWorld(us-central1)

If you are renaming a function or changing its region, it is recommended that you create the new function first before deleting the old one to prevent event loss. For more info, visit https://firebase.google.com/docs/functions/manage-functions#modify

[info] i  functions: deleting function helloWorld(us-central1)... 
[info] i  functions: creating Node.js 12 function default-createAccount(us-central1)... 
[debug] [2021-08-30T18:41:35.912Z] >>> HTTP REQUEST DELETE https://cloudfunctions.googleapis.com/v1/projects/restaurant-app-demo-77bba/locations/us-central1/functions/helloWorld  
 
[debug] [2021-08-30T18:41:35.912Z] >>> HTTP REQUEST POST https://cloudfunctions.googleapis.com/v1/projects/restaurant-app-demo-77bba/locations/us-central1/functions  
 {"sourceUploadUrl":"https://storage.googleapis.com/gcf-upload-us-central1-7fd3869c-d6ca-4f1d-a0f6-37d894e11bdb/eb2abc4e-1864-4839-9476-3b486c8521dc.zip?GoogleAccessId=service-273295484065@gcf-admin-robot.iam.gserviceaccount.com&Expires=1630350817&Signature=mGR%2BkQ2LOVWBRZPR4sFBC%2B32xXtyMPkaSA%2FOEDkRe7WG8PHbcpsYfkp0ZlT0V%2FOkEqN0CCoFRAdgUCabaMLcAJW5hiDVqZER%2BUx9iJYVJwSyFumQy2vZVMkHIPCov49SxdUY0F%2BlDWpTwRGkEESGpWePJ7UMpQux1NfdPgbYfjtC3rQxQUd8h9kDAo%2FHxQSHsJ8i6HYmzVQPJTz1GK5IQHg76YPS1lHXkx3geXnEUVco81veWiaWai72W9ORSQsBodQnZ%2Br0qizqb%2FlgkzkUq1WPnkFtiA%2FVd8%2BwJVhNif4r%2Btj6a7HIZac8agYVAFFt2%2F6oUi29ytYAKwimTPmIYw%3D%3D","name":"projects/restaurant-app-demo-77bba/locations/us-central1/functions/default-createAccount","entryPoint":"default.createAccount","labels":{"deployment-tool":"cli-firebase"},"runtime":"nodejs12","environmentVariables":{"FIREBASE_CONFIG":"{\"projectId\":\"restaurant-app-demo-77bba\",\"storageBucket\":\"restaurant-app-demo-77bba.appspot.com\",\"locationId\":\"europe-west\"}"},"httpsTrigger":{}}
[debug] [2021-08-30T18:41:36.186Z] <<< HTTP RESPONSE 200 {"content-type":"application/json; charset=UTF-8","vary":"X-Origin, Referer, Origin,Accept-Encoding","date":"Mon, 30 Aug 2021 18:44:15 GMT","server":"ESF","cache-control":"private","x-xss-protection":"0","x-frame-options":"SAMEORIGIN","x-content-type-options":"nosniff","alt-svc":"h3=\":443\"; ma=2592000,h3-29=\":443\"; ma=2592000,h3-T051=\":443\"; ma=2592000,h3-Q050=\":443\"; ma=2592000,h3-Q046=\":443\"; ma=2592000,h3-Q043=\":443\"; ma=2592000,quic=\":443\"; ma=2592000; v=\"46,43\"","accept-ranges":"none","transfer-encoding":"chunked"}
[debug] [2021-08-30T18:41:36.189Z] > refreshing access token with scopes: []
[debug] [2021-08-30T18:41:36.189Z] >>> HTTP REQUEST POST https://www.googleapis.com/oauth2/v3/token  
 <request body omitted>
[debug] [2021-08-30T18:41:36.278Z] <<< HTTP RESPONSE 200 {"cache-control":"no-cache, no-store, max-age=0, must-revalidate","pragma":"no-cache","expires":"Mon, 01 Jan 1990 00:00:00 GMT","date":"Mon, 30 Aug 2021 18:44:15 GMT","content-type":"application/json; charset=utf-8","vary":"X-Origin, Referer, Origin,Accept-Encoding","server":"scaffolding on HTTPServer2","x-xss-protection":"0","x-frame-options":"SAMEORIGIN","x-content-type-options":"nosniff","alt-svc":"h3=\":443\"; ma=2592000,h3-29=\":443\"; ma=2592000,h3-T051=\":443\"; ma=2592000,h3-Q050=\":443\"; ma=2592000,h3-Q046=\":443\"; ma=2592000,h3-Q043=\":443\"; ma=2592000,quic=\":443\"; ma=2592000; v=\"46,43\"","accept-ranges":"none","transfer-encoding":"chunked"}
[debug] [2021-08-30T18:41:36.296Z] >>> [apiv2][query] GET https://cloudfunctions.googleapis.com/v1/operations/cmVzdGF1cmFudC1hcHAtZGVtby03N2JiYS91cy1jZW50cmFsMS9oZWxsb1dvcmxkL3BYdFdoS2diemtR [none]
[debug] [2021-08-30T18:41:36.327Z] <<< HTTP RESPONSE 200 {"content-type":"application/json; charset=UTF-8","vary":"X-Origin, Referer, Origin,Accept-Encoding","date":"Mon, 30 Aug 2021 18:44:15 GMT","server":"ESF","cache-control":"private","x-xss-protection":"0","x-frame-options":"SAMEORIGIN","x-content-type-options":"nosniff","alt-svc":"h3=\":443\"; ma=2592000,h3-29=\":443\"; ma=2592000,h3-T051=\":443\"; ma=2592000,h3-Q050=\":443\"; ma=2592000,h3-Q046=\":443\"; ma=2592000,h3-Q043=\":443\"; ma=2592000,quic=\":443\"; ma=2592000; v=\"46,43\"","accept-ranges":"none","transfer-encoding":"chunked"}
[debug] [2021-08-30T18:41:36.328Z] >>> [apiv2][query] GET https://cloudfunctions.googleapis.com/v1/operations/cmVzdGF1cmFudC1hcHAtZGVtby03N2JiYS91cy1jZW50cmFsMS9kZWZhdWx0LWNyZWF0ZUFjY291bnQvNTRRaEMtQ3VQdFE [none]
[debug] [2021-08-30T18:41:36.495Z] <<< [apiv2][status] GET https://cloudfunctions.googleapis.com/v1/operations/cmVzdGF1cmFudC1hcHAtZGVtby03N2JiYS91cy1jZW50cmFsMS9oZWxsb1dvcmxkL3BYdFdoS2diemtR 200
[debug] [2021-08-30T18:41:36.495Z] <<< [apiv2][body] GET https://cloudfunctions.googleapis.com/v1/operations/cmVzdGF1cmFudC1hcHAtZGVtby03N2JiYS91cy1jZW50cmFsMS9oZWxsb1dvcmxkL3BYdFdoS2diemtR {"name":"operations/cmVzdGF1cmFudC1hcHAtZGVtby03N2JiYS91cy1jZW50cmFsMS9oZWxsb1dvcmxkL3BYdFdoS2diemtR","metadata":{"@type":"type.googleapis.com/google.cloud.functions.v1.OperationMetadataV1","target":"projects/restaurant-app-demo-77bba/locations/us-central1/functions/helloWorld","type":"DELETE_FUNCTION","request":{"@type":"type.googleapis.com/google.protobuf.Empty"},"updateTime":"2021-08-30T18:44:15Z"}}
[debug] [2021-08-30T18:41:36.541Z] <<< [apiv2][status] GET https://cloudfunctions.googleapis.com/v1/operations/cmVzdGF1cmFudC1hcHAtZGVtby03N2JiYS91cy1jZW50cmFsMS9kZWZhdWx0LWNyZWF0ZUFjY291bnQvNTRRaEMtQ3VQdFE 200
[debug] [2021-08-30T18:41:36.541Z] <<< [apiv2][body] GET https://cloudfunctions.googleapis.com/v1/operations/cmVzdGF1cmFudC1hcHAtZGVtby03N2JiYS91cy1jZW50cmFsMS9kZWZhdWx0LWNyZWF0ZUFjY291bnQvNTRRaEMtQ3VQdFE {"name":"operations/cmVzdGF1cmFudC1hcHAtZGVtby03N2JiYS91cy1jZW50cmFsMS9kZWZhdWx0LWNyZWF0ZUFjY291bnQvNTRRaEMtQ3VQdFE","metadata":{"@type":"type.googleapis.com/google.cloud.functions.v1.OperationMetadataV1","target":"projects/restaurant-app-demo-77bba/locations/us-central1/functions/default-createAccount","type":"CREATE_FUNCTION","request":{"@type":"type.googleapis.com/google.cloud.functions.v1.CloudFunction","name":"projects/restaurant-app-demo-77bba/locations/us-central1/functions/default-createAccount","httpsTrigger":{},"entryPoint":"default.createAccount","labels":{"deployment-tool":"cli-firebase"},"sourceUploadUrl":"https://storage.googleapis.com/gcf-upload-us-central1-7fd3869c-d6ca-4f1d-a0f6-37d894e11bdb/eb2abc4e-1864-4839-9476-3b486c8521dc.zip?GoogleAccessId=service-273295484065@gcf-admin-robot.iam.gserviceaccount.com&Expires=1630350817&Signature=mGR%2BkQ2LOVWBRZPR4sFBC%2B32xXtyMPkaSA%2FOEDkRe7WG8PHbcpsYfkp0ZlT0V%2FOkEqN0CCoFRAdgUCabaMLcAJW5hiDVqZER%2BUx9iJYVJwSyFumQy2vZVMkHIPCov49SxdUY0F%2BlDWpTwRGkEESGpWePJ7UMpQux1NfdPgbYfjtC3rQxQUd8h9kDAo%2FHxQSHsJ8i6HYmzVQPJTz1GK5IQHg76YPS1lHXkx3geXnEUVco81veWiaWai72W9ORSQsBodQnZ%2Br0qizqb%2FlgkzkUq1WPnkFtiA%2FVd8%2BwJVhNif4r%2Btj6a7HIZac8agYVAFFt2%2F6oUi29ytYAKwimTPmIYw%3D%3D","environmentVariables":{"FIREBASE_CONFIG":"{\"projectId\":\"restaurant-app-demo-77bba\",\"storageBucket\":\"restaurant-app-demo-77bba.appspot.com\",\"locationId\":\"europe-west\"}"},"runtime":"nodejs12"},"versionId":"1","updateTime":"2021-08-30T18:44:15Z"}}
[debug] [2021-08-30T18:41:37.001Z] [delete-projects/restaurant-app-demo-77bba/locations/us-central1/functions/helloWorld] Retrying task index 0
[debug] [2021-08-30T18:41:37.002Z] >>> [apiv2][query] GET https://cloudfunctions.googleapis.com/v1/operations/cmVzdGF1cmFudC1hcHAtZGVtby03N2JiYS91cy1jZW50cmFsMS9oZWxsb1dvcmxkL3BYdFdoS2diemtR [none]
[debug] [2021-08-30T18:41:37.043Z] [create-projects/restaurant-app-demo-77bba/locations/us-central1/functions/default-createAccount] Retrying task index 0
[debug] [2021-08-30T18:41:37.043Z] >>> [apiv2][query] GET https://cloudfunctions.googleapis.com/v1/operations/cmVzdGF1cmFudC1hcHAtZGVtby03N2JiYS91cy1jZW50cmFsMS9kZWZhdWx0LWNyZWF0ZUFjY291bnQvNTRRaEMtQ3VQdFE [none]
[debug] [2021-08-30T18:41:37.315Z] <<< [apiv2][status] GET https://cloudfunctions.googleapis.com/v1/operations/cmVzdGF1cmFudC1hcHAtZGVtby03N2JiYS91cy1jZW50cmFsMS9oZWxsb1dvcmxkL3BYdFdoS2diemtR 200
[debug] [2021-08-30T18:41:37.315Z] <<< [apiv2][body] GET https://cloudfunctions.googleapis.com/v1/operations/cmVzdGF1cmFudC1hcHAtZGVtby03N2JiYS91cy1jZW50cmFsMS9oZWxsb1dvcmxkL3BYdFdoS2diemtR {"name":"operations/cmVzdGF1cmFudC1hcHAtZGVtby03N2JiYS91cy1jZW50cmFsMS9oZWxsb1dvcmxkL3BYdFdoS2diemtR","metadata":{"@type":"type.googleapis.com/google.cloud.functions.v1.OperationMetadataV1","target":"projects/restaurant-app-demo-77bba/locations/us-central1/functions/helloWorld","type":"DELETE_FUNCTION","request":{"@type":"type.googleapis.com/google.protobuf.Empty"},"updateTime":"2021-08-30T18:44:15Z"}}
[debug] [2021-08-30T18:41:37.316Z] <<< [apiv2][status] GET https://cloudfunctions.googleapis.com/v1/operations/cmVzdGF1cmFudC1hcHAtZGVtby03N2JiYS91cy1jZW50cmFsMS9kZWZhdWx0LWNyZWF0ZUFjY291bnQvNTRRaEMtQ3VQdFE 200
[debug] [2021-08-30T18:41:37.316Z] <<< [apiv2][body] GET https://cloudfunctions.googleapis.com/v1/operations/cmVzdGF1cmFudC1hcHAtZGVtby03N2JiYS91cy1jZW50cmFsMS9kZWZhdWx0LWNyZWF0ZUFjY291bnQvNTRRaEMtQ3VQdFE {"name":"operations/cmVzdGF1cmFudC1hcHAtZGVtby03N2JiYS91cy1jZW50cmFsMS9kZWZhdWx0LWNyZWF0ZUFjY291bnQvNTRRaEMtQ3VQdFE","metadata":{"@type":"type.googleapis.com/google.cloud.functions.v1.OperationMetadataV1","target":"projects/restaurant-app-demo-77bba/locations/us-central1/functions/default-createAccount","type":"CREATE_FUNCTION","request":{"@type":"type.googleapis.com/google.cloud.functions.v1.CloudFunction","name":"projects/restaurant-app-demo-77bba/locations/us-central1/functions/default-createAccount","httpsTrigger":{},"entryPoint":"default.createAccount","labels":{"deployment-tool":"cli-firebase"},"sourceUploadUrl":"https://storage.googleapis.com/gcf-upload-us-central1-7fd3869c-d6ca-4f1d-a0f6-37d894e11bdb/eb2abc4e-1864-4839-9476-3b486c8521dc.zip?GoogleAccessId=service-273295484065@gcf-admin-robot.iam.gserviceaccount.com&Expires=1630350817&Signature=mGR%2BkQ2LOVWBRZPR4sFBC%2B32xXtyMPkaSA%2FOEDkRe7WG8PHbcpsYfkp0ZlT0V%2FOkEqN0CCoFRAdgUCabaMLcAJW5hiDVqZER%2BUx9iJYVJwSyFumQy2vZVMkHIPCov49SxdUY0F%2BlDWpTwRGkEESGpWePJ7UMpQux1NfdPgbYfjtC3rQxQUd8h9kDAo%2FHxQSHsJ8i6HYmzVQPJTz1GK5IQHg76YPS1lHXkx3geXnEUVco81veWiaWai72W9ORSQsBodQnZ%2Br0qizqb%2FlgkzkUq1WPnkFtiA%2FVd8%2BwJVhNif4r%2Btj6a7HIZac8agYVAFFt2%2F6oUi29ytYAKwimTPmIYw%3D%3D","environmentVariables":{"FIREBASE_CONFIG":"{\"projectId\":\"restaurant-app-demo-77bba\",\"storageBucket\":\"restaurant-app-demo-77bba.appspot.com\",\"locationId\":\"europe-west\"}"},"runtime":"nodejs12"},"versionId":"1","updateTime":"2021-08-30T18:44:16Z","buildId":"e42fa972-ecd6-47bd-a567-41ff4ea32229","buildName":"projects/273295484065/locations/us-central1/builds/e42fa972-ecd6-47bd-a567-41ff4ea32229"}}
[debug] [2021-08-30T18:41:38.326Z] [delete-projects/restaurant-app-demo-77bba/locations/us-central1/functions/helloWorld] Retrying task index 0
[debug] [2021-08-30T18:41:38.327Z] >>> [apiv2][query] GET https://cloudfunctions.googleapis.com/v1/operations/cmVzdGF1cmFudC1hcHAtZGVtby03N2JiYS91cy1jZW50cmFsMS9oZWxsb1dvcmxkL3BYdFdoS2diemtR [none]
[debug] [2021-08-30T18:41:38.348Z] [create-projects/restaurant-app-demo-77bba/locations/us-central1/functions/default-createAccount] Retrying task index 0
[debug] [2021-08-30T18:41:38.351Z] >>> [apiv2][query] GET https://cloudfunctions.googleapis.com/v1/operations/cmVzdGF1cmFudC1hcHAtZGVtby03N2JiYS91cy1jZW50cmFsMS9kZWZhdWx0LWNyZWF0ZUFjY291bnQvNTRRaEMtQ3VQdFE [none]
[debug] [2021-08-30T18:41:38.588Z] <<< [apiv2][status] GET https://cloudfunctions.googleapis.com/v1/operations/cmVzdGF1cmFudC1hcHAtZGVtby03N2JiYS91cy1jZW50cmFsMS9oZWxsb1dvcmxkL3BYdFdoS2diemtR 200
[debug] [2021-08-30T18:41:38.588Z] <<< [apiv2][body] GET https://cloudfunctions.googleapis.com/v1/operations/cmVzdGF1cmFudC1hcHAtZGVtby03N2JiYS91cy1jZW50cmFsMS9oZWxsb1dvcmxkL3BYdFdoS2diemtR {"name":"operations/cmVzdGF1cmFudC1hcHAtZGVtby03N2JiYS91cy1jZW50cmFsMS9oZWxsb1dvcmxkL3BYdFdoS2diemtR","metadata":{"@type":"type.googleapis.com/google.cloud.functions.v1.OperationMetadataV1","target":"projects/restaurant-app-demo-77bba/locations/us-central1/functions/helloWorld","type":"DELETE_FUNCTION","request":{"@type":"type.googleapis.com/google.protobuf.Empty"},"updateTime":"2021-08-30T18:44:17Z"},"done":true,"response":{"@type":"type.googleapis.com/google.protobuf.Empty"}}
[info] ✔  functions[helloWorld(us-central1)]: Successful delete operation.  
[debug] [2021-08-30T18:41:38.622Z] <<< [apiv2][status] GET https://cloudfunctions.googleapis.com/v1/operations/cmVzdGF1cmFudC1hcHAtZGVtby03N2JiYS91cy1jZW50cmFsMS9kZWZhdWx0LWNyZWF0ZUFjY291bnQvNTRRaEMtQ3VQdFE 200
[debug] [2021-08-30T18:41:38.623Z] <<< [apiv2][body] GET https://cloudfunctions.googleapis.com/v1/operations/cmVzdGF1cmFudC1hcHAtZGVtby03N2JiYS91cy1jZW50cmFsMS9kZWZhdWx0LWNyZWF0ZUFjY291bnQvNTRRaEMtQ3VQdFE {"name":"operations/cmVzdGF1cmFudC1hcHAtZGVtby03N2JiYS91cy1jZW50cmFsMS9kZWZhdWx0LWNyZWF0ZUFjY291bnQvNTRRaEMtQ3VQdFE","metadata":{"@type":"type.googleapis.com/google.cloud.functions.v1.OperationMetadataV1","target":"projects/restaurant-app-demo-77bba/locations/us-central1/functions/default-createAccount","type":"CREATE_FUNCTION","request":{"@type":"type.googleapis.com/google.cloud.functions.v1.CloudFunction","name":"projects/restaurant-app-demo-77bba/locations/us-central1/functions/default-createAccount","httpsTrigger":{},"entryPoint":"default.createAccount","labels":{"deployment-tool":"cli-firebase"},"sourceUploadUrl":"https://storage.googleapis.com/gcf-upload-us-central1-7fd3869c-d6ca-4f1d-a0f6-37d894e11bdb/eb2abc4e-1864-4839-9476-3b486c8521dc.zip?GoogleAccessId=service-273295484065@gcf-admin-robot.iam.gserviceaccount.com&Expires=1630350817&Signature=mGR%2BkQ2LOVWBRZPR4sFBC%2B32xXtyMPkaSA%2FOEDkRe7WG8PHbcpsYfkp0ZlT0V%2FOkEqN0CCoFRAdgUCabaMLcAJW5hiDVqZER%2BUx9iJYVJwSyFumQy2vZVMkHIPCov49SxdUY0F%2BlDWpTwRGkEESGpWePJ7UMpQux1NfdPgbYfjtC3rQxQUd8h9kDAo%2FHxQSHsJ8i6HYmzVQPJTz1GK5IQHg76YPS1lHXkx3geXnEUVco81veWiaWai72W9ORSQsBodQnZ%2Br0qizqb%2FlgkzkUq1WPnkFtiA%2FVd8%2BwJVhNif4r%2Btj6a7HIZac8agYVAFFt2%2F6oUi29ytYAKwimTPmIYw%3D%3D","environmentVariables":{"FIREBASE_CONFIG":"{\"projectId\":\"restaurant-app-demo-77bba\",\"storageBucket\":\"restaurant-app-demo-77bba.appspot.com\",\"locationId\":\"europe-west\"}"},"runtime":"nodejs12"},"versionId":"1","updateTime":"2021-08-30T18:44:16Z","buildId":"e42fa972-ecd6-47bd-a567-41ff4ea32229","buildName":"projects/273295484065/locations/us-central1/builds/e42fa972-ecd6-47bd-a567-41ff4ea32229"}}
[debug] [2021-08-30T18:41:40.628Z] [create-projects/restaurant-app-demo-77bba/locations/us-central1/functions/default-createAccount] Retrying task index 0
[debug] [2021-08-30T18:41:40.629Z] >>> [apiv2][query] GET https://cloudfunctions.googleapis.com/v1/operations/cmVzdGF1cmFudC1hcHAtZGVtby03N2JiYS91cy1jZW50cmFsMS9kZWZhdWx0LWNyZWF0ZUFjY291bnQvNTRRaEMtQ3VQdFE [none]
[debug] [2021-08-30T18:41:40.840Z] <<< [apiv2][status] GET https://cloudfunctions.googleapis.com/v1/operations/cmVzdGF1cmFudC1hcHAtZGVtby03N2JiYS91cy1jZW50cmFsMS9kZWZhdWx0LWNyZWF0ZUFjY291bnQvNTRRaEMtQ3VQdFE 200
[debug] [2021-08-30T18:41:40.840Z] <<< [apiv2][body] GET https://cloudfunctions.googleapis.com/v1/operations/cmVzdGF1cmFudC1hcHAtZGVtby03N2JiYS91cy1jZW50cmFsMS9kZWZhdWx0LWNyZWF0ZUFjY291bnQvNTRRaEMtQ3VQdFE {"name":"operations/cmVzdGF1cmFudC1hcHAtZGVtby03N2JiYS91cy1jZW50cmFsMS9kZWZhdWx0LWNyZWF0ZUFjY291bnQvNTRRaEMtQ3VQdFE","metadata":{"@type":"type.googleapis.com/google.cloud.functions.v1.OperationMetadataV1","target":"projects/restaurant-app-demo-77bba/locations/us-central1/functions/default-createAccount","type":"CREATE_FUNCTION","request":{"@type":"type.googleapis.com/google.cloud.functions.v1.CloudFunction","name":"projects/restaurant-app-demo-77bba/locations/us-central1/functions/default-createAccount","httpsTrigger":{},"entryPoint":"default.createAccount","labels":{"deployment-tool":"cli-firebase"},"sourceUploadUrl":"https://storage.googleapis.com/gcf-upload-us-central1-7fd3869c-d6ca-4f1d-a0f6-37d894e11bdb/eb2abc4e-1864-4839-9476-3b486c8521dc.zip?GoogleAccessId=service-273295484065@gcf-admin-robot.iam.gserviceaccount.com&Expires=1630350817&Signature=mGR%2BkQ2LOVWBRZPR4sFBC%2B32xXtyMPkaSA%2FOEDkRe7WG8PHbcpsYfkp0ZlT0V%2FOkEqN0CCoFRAdgUCabaMLcAJW5hiDVqZER%2BUx9iJYVJwSyFumQy2vZVMkHIPCov49SxdUY0F%2BlDWpTwRGkEESGpWePJ7UMpQux1NfdPgbYfjtC3rQxQUd8h9kDAo%2FHxQSHsJ8i6HYmzVQPJTz1GK5IQHg76YPS1lHXkx3geXnEUVco81veWiaWai72W9ORSQsBodQnZ%2Br0qizqb%2FlgkzkUq1WPnkFtiA%2FVd8%2BwJVhNif4r%2Btj6a7HIZac8agYVAFFt2%2F6oUi29ytYAKwimTPmIYw%3D%3D","environmentVariables":{"FIREBASE_CONFIG":"{\"projectId\":\"restaurant-app-demo-77bba\",\"storageBucket\":\"restaurant-app-demo-77bba.appspot.com\",\"locationId\":\"europe-west\"}"},"runtime":"nodejs12"},"versionId":"1","updateTime":"2021-08-30T18:44:16Z","buildId":"e42fa972-ecd6-47bd-a567-41ff4ea32229","buildName":"projects/273295484065/locations/us-central1/builds/e42fa972-ecd6-47bd-a567-41ff4ea32229"}}
[debug] [2021-08-30T18:41:44.844Z] [create-projects/restaurant-app-demo-77bba/locations/us-central1/functions/default-createAccount] Retrying task index 0
[debug] [2021-08-30T18:41:44.845Z] >>> [apiv2][query] GET https://cloudfunctions.googleapis.com/v1/operations/cmVzdGF1cmFudC1hcHAtZGVtby03N2JiYS91cy1jZW50cmFsMS9kZWZhdWx0LWNyZWF0ZUFjY291bnQvNTRRaEMtQ3VQdFE [none]
[debug] [2021-08-30T18:41:45.096Z] <<< [apiv2][status] GET https://cloudfunctions.googleapis.com/v1/operations/cmVzdGF1cmFudC1hcHAtZGVtby03N2JiYS91cy1jZW50cmFsMS9kZWZhdWx0LWNyZWF0ZUFjY291bnQvNTRRaEMtQ3VQdFE 200
[debug] [2021-08-30T18:41:45.096Z] <<< [apiv2][body] GET https://cloudfunctions.googleapis.com/v1/operations/cmVzdGF1cmFudC1hcHAtZGVtby03N2JiYS91cy1jZW50cmFsMS9kZWZhdWx0LWNyZWF0ZUFjY291bnQvNTRRaEMtQ3VQdFE {"name":"operations/cmVzdGF1cmFudC1hcHAtZGVtby03N2JiYS91cy1jZW50cmFsMS9kZWZhdWx0LWNyZWF0ZUFjY291bnQvNTRRaEMtQ3VQdFE","metadata":{"@type":"type.googleapis.com/google.cloud.functions.v1.OperationMetadataV1","target":"projects/restaurant-app-demo-77bba/locations/us-central1/functions/default-createAccount","type":"CREATE_FUNCTION","request":{"@type":"type.googleapis.com/google.cloud.functions.v1.CloudFunction","name":"projects/restaurant-app-demo-77bba/locations/us-central1/functions/default-createAccount","httpsTrigger":{},"entryPoint":"default.createAccount","labels":{"deployment-tool":"cli-firebase"},"sourceUploadUrl":"https://storage.googleapis.com/gcf-upload-us-central1-7fd3869c-d6ca-4f1d-a0f6-37d894e11bdb/eb2abc4e-1864-4839-9476-3b486c8521dc.zip?GoogleAccessId=service-273295484065@gcf-admin-robot.iam.gserviceaccount.com&Expires=1630350817&Signature=mGR%2BkQ2LOVWBRZPR4sFBC%2B32xXtyMPkaSA%2FOEDkRe7WG8PHbcpsYfkp0ZlT0V%2FOkEqN0CCoFRAdgUCabaMLcAJW5hiDVqZER%2BUx9iJYVJwSyFumQy2vZVMkHIPCov49SxdUY0F%2BlDWpTwRGkEESGpWePJ7UMpQux1NfdPgbYfjtC3rQxQUd8h9kDAo%2FHxQSHsJ8i6HYmzVQPJTz1GK5IQHg76YPS1lHXkx3geXnEUVco81veWiaWai72W9ORSQsBodQnZ%2Br0qizqb%2FlgkzkUq1WPnkFtiA%2FVd8%2BwJVhNif4r%2Btj6a7HIZac8agYVAFFt2%2F6oUi29ytYAKwimTPmIYw%3D%3D","environmentVariables":{"FIREBASE_CONFIG":"{\"projectId\":\"restaurant-app-demo-77bba\",\"storageBucket\":\"restaurant-app-demo-77bba.appspot.com\",\"locationId\":\"europe-west\"}"},"runtime":"nodejs12"},"versionId":"1","updateTime":"2021-08-30T18:44:16Z","buildId":"e42fa972-ecd6-47bd-a567-41ff4ea32229","buildName":"projects/273295484065/locations/us-central1/builds/e42fa972-ecd6-47bd-a567-41ff4ea32229"}}
[debug] [2021-08-30T18:41:53.097Z] [create-projects/restaurant-app-demo-77bba/locations/us-central1/functions/default-createAccount] Retrying task index 0
[debug] [2021-08-30T18:41:53.098Z] >>> [apiv2][query] GET https://cloudfunctions.googleapis.com/v1/operations/cmVzdGF1cmFudC1hcHAtZGVtby03N2JiYS91cy1jZW50cmFsMS9kZWZhdWx0LWNyZWF0ZUFjY291bnQvNTRRaEMtQ3VQdFE [none]
[debug] [2021-08-30T18:41:53.391Z] <<< [apiv2][status] GET https://cloudfunctions.googleapis.com/v1/operations/cmVzdGF1cmFudC1hcHAtZGVtby03N2JiYS91cy1jZW50cmFsMS9kZWZhdWx0LWNyZWF0ZUFjY291bnQvNTRRaEMtQ3VQdFE 200
[debug] [2021-08-30T18:41:53.391Z] <<< [apiv2][body] GET https://cloudfunctions.googleapis.com/v1/operations/cmVzdGF1cmFudC1hcHAtZGVtby03N2JiYS91cy1jZW50cmFsMS9kZWZhdWx0LWNyZWF0ZUFjY291bnQvNTRRaEMtQ3VQdFE {"name":"operations/cmVzdGF1cmFudC1hcHAtZGVtby03N2JiYS91cy1jZW50cmFsMS9kZWZhdWx0LWNyZWF0ZUFjY291bnQvNTRRaEMtQ3VQdFE","metadata":{"@type":"type.googleapis.com/google.cloud.functions.v1.OperationMetadataV1","target":"projects/restaurant-app-demo-77bba/locations/us-central1/functions/default-createAccount","type":"CREATE_FUNCTION","request":{"@type":"type.googleapis.com/google.cloud.functions.v1.CloudFunction","name":"projects/restaurant-app-demo-77bba/locations/us-central1/functions/default-createAccount","httpsTrigger":{},"entryPoint":"default.createAccount","labels":{"deployment-tool":"cli-firebase"},"sourceUploadUrl":"https://storage.googleapis.com/gcf-upload-us-central1-7fd3869c-d6ca-4f1d-a0f6-37d894e11bdb/eb2abc4e-1864-4839-9476-3b486c8521dc.zip?GoogleAccessId=service-273295484065@gcf-admin-robot.iam.gserviceaccount.com&Expires=1630350817&Signature=mGR%2BkQ2LOVWBRZPR4sFBC%2B32xXtyMPkaSA%2FOEDkRe7WG8PHbcpsYfkp0ZlT0V%2FOkEqN0CCoFRAdgUCabaMLcAJW5hiDVqZER%2BUx9iJYVJwSyFumQy2vZVMkHIPCov49SxdUY0F%2BlDWpTwRGkEESGpWePJ7UMpQux1NfdPgbYfjtC3rQxQUd8h9kDAo%2FHxQSHsJ8i6HYmzVQPJTz1GK5IQHg76YPS1lHXkx3geXnEUVco81veWiaWai72W9ORSQsBodQnZ%2Br0qizqb%2FlgkzkUq1WPnkFtiA%2FVd8%2BwJVhNif4r%2Btj6a7HIZac8agYVAFFt2%2F6oUi29ytYAKwimTPmIYw%3D%3D","environmentVariables":{"FIREBASE_CONFIG":"{\"projectId\":\"restaurant-app-demo-77bba\",\"storageBucket\":\"restaurant-app-demo-77bba.appspot.com\",\"locationId\":\"europe-west\"}"},"runtime":"nodejs12"},"versionId":"1","updateTime":"2021-08-30T18:44:16Z","buildId":"e42fa972-ecd6-47bd-a567-41ff4ea32229","buildName":"projects/273295484065/locations/us-central1/builds/e42fa972-ecd6-47bd-a567-41ff4ea32229"}}
[debug] [2021-08-30T18:42:09.396Z] [create-projects/restaurant-app-demo-77bba/locations/us-central1/functions/default-createAccount] Retrying task index 0
[debug] [2021-08-30T18:42:09.397Z] >>> [apiv2][query] GET https://cloudfunctions.googleapis.com/v1/operations/cmVzdGF1cmFudC1hcHAtZGVtby03N2JiYS91cy1jZW50cmFsMS9kZWZhdWx0LWNyZWF0ZUFjY291bnQvNTRRaEMtQ3VQdFE [none]
[debug] [2021-08-30T18:42:09.671Z] <<< [apiv2][status] GET https://cloudfunctions.googleapis.com/v1/operations/cmVzdGF1cmFudC1hcHAtZGVtby03N2JiYS91cy1jZW50cmFsMS9kZWZhdWx0LWNyZWF0ZUFjY291bnQvNTRRaEMtQ3VQdFE 200
[debug] [2021-08-30T18:42:09.672Z] <<< [apiv2][body] GET https://cloudfunctions.googleapis.com/v1/operations/cmVzdGF1cmFudC1hcHAtZGVtby03N2JiYS91cy1jZW50cmFsMS9kZWZhdWx0LWNyZWF0ZUFjY291bnQvNTRRaEMtQ3VQdFE {"name":"operations/cmVzdGF1cmFudC1hcHAtZGVtby03N2JiYS91cy1jZW50cmFsMS9kZWZhdWx0LWNyZWF0ZUFjY291bnQvNTRRaEMtQ3VQdFE","metadata":{"@type":"type.googleapis.com/google.cloud.functions.v1.OperationMetadataV1","target":"projects/restaurant-app-demo-77bba/locations/us-central1/functions/default-createAccount","type":"CREATE_FUNCTION","request":{"@type":"type.googleapis.com/google.cloud.functions.v1.CloudFunction","name":"projects/restaurant-app-demo-77bba/locations/us-central1/functions/default-createAccount","httpsTrigger":{},"entryPoint":"default.createAccount","labels":{"deployment-tool":"cli-firebase"},"sourceUploadUrl":"https://storage.googleapis.com/gcf-upload-us-central1-7fd3869c-d6ca-4f1d-a0f6-37d894e11bdb/eb2abc4e-1864-4839-9476-3b486c8521dc.zip?GoogleAccessId=service-273295484065@gcf-admin-robot.iam.gserviceaccount.com&Expires=1630350817&Signature=mGR%2BkQ2LOVWBRZPR4sFBC%2B32xXtyMPkaSA%2FOEDkRe7WG8PHbcpsYfkp0ZlT0V%2FOkEqN0CCoFRAdgUCabaMLcAJW5hiDVqZER%2BUx9iJYVJwSyFumQy2vZVMkHIPCov49SxdUY0F%2BlDWpTwRGkEESGpWePJ7UMpQux1NfdPgbYfjtC3rQxQUd8h9kDAo%2FHxQSHsJ8i6HYmzVQPJTz1GK5IQHg76YPS1lHXkx3geXnEUVco81veWiaWai72W9ORSQsBodQnZ%2Br0qizqb%2FlgkzkUq1WPnkFtiA%2FVd8%2BwJVhNif4r%2Btj6a7HIZac8agYVAFFt2%2F6oUi29ytYAKwimTPmIYw%3D%3D","environmentVariables":{"FIREBASE_CONFIG":"{\"projectId\":\"restaurant-app-demo-77bba\",\"storageBucket\":\"restaurant-app-demo-77bba.appspot.com\",\"locationId\":\"europe-west\"}"},"runtime":"nodejs12"},"versionId":"1","updateTime":"2021-08-30T18:44:16Z","buildId":"e42fa972-ecd6-47bd-a567-41ff4ea32229","buildName":"projects/273295484065/locations/us-central1/builds/e42fa972-ecd6-47bd-a567-41ff4ea32229"}}
